-------------------------------------------------------------------------------
Test set: testcases.ExtentReporting.RSAAcademyTest
-------------------------------------------------------------------------------
Tests run: 1, Failures: 1, Errors: 0, Skipped: 0, Time elapsed: 16.199 s <<< FAILURE! - in testcases.ExtentReporting.RSAAcademyTest
testcases.ExtentReporting.RSAAcademyTest.validateTitleTest  Time elapsed: 0.148 s  <<< FAILURE!
java.lang.AssertionError: expected [Rahul Shetty Academy] but found [Rahul Shetty Academy1]
	at testcases.ExtentReporting.RSAAcademyTest.validateTitleTest(RSAAcademyTest.java:63)

